{"D:\\Cours OpenClassroom\\Front End\\P9\\JonathanChosson_9_11012022\\src\\constants\\routes.js": {"path":"D:\\Cours OpenClassroom\\Front End\\P9\\JonathanChosson_9_11012022\\src\\constants\\routes.js","statementMap":{"0":{"start":{"line":6,"column":27},"end":{"line":11,"column":1}},"1":{"start":{"line":13,"column":22},"end":{"line":26,"column":1}},"2":{"start":{"line":14,"column":2},"end":{"line":25,"column":3}},"3":{"start":{"line":16,"column":6},"end":{"line":16,"column":46}},"4":{"start":{"line":18,"column":6},"end":{"line":18,"column":46}},"5":{"start":{"line":20,"column":6},"end":{"line":20,"column":24}},"6":{"start":{"line":22,"column":6},"end":{"line":22,"column":50}},"7":{"start":{"line":24,"column":6},"end":{"line":24,"column":46}}},"fnMap":{"0":{"name":"(anonymous_0)","decl":{"start":{"line":13,"column":22},"end":{"line":13,"column":23}},"loc":{"start":{"line":13,"column":62},"end":{"line":26,"column":1}},"line":13}},"branchMap":{"0":{"loc":{"start":{"line":14,"column":2},"end":{"line":25,"column":3}},"type":"switch","locations":[{"start":{"line":15,"column":4},"end":{"line":16,"column":46}},{"start":{"line":17,"column":4},"end":{"line":18,"column":46}},{"start":{"line":19,"column":4},"end":{"line":20,"column":24}},{"start":{"line":21,"column":4},"end":{"line":22,"column":50}},{"start":{"line":23,"column":4},"end":{"line":24,"column":46}}],"line":14}},"s":{"0":6,"1":6,"2":15,"3":3,"4":4,"5":2,"6":5,"7":1},"f":{"0":15},"b":{"0":[3,4,2,5,1]},"_coverageSchema":"1a1c01bbd47fc00a2c39e90264f33305004495a9","hash":"ec9790c46d9f470f6170f7706d137b65206151ea"}
,"D:\\Cours OpenClassroom\\Front End\\P9\\JonathanChosson_9_11012022\\src\\constants\\usersTest.js": {"path":"D:\\Cours OpenClassroom\\Front End\\P9\\JonathanChosson_9_11012022\\src\\constants\\usersTest.js","statementMap":{},"fnMap":{},"branchMap":{},"s":{},"f":{},"b":{},"_coverageSchema":"1a1c01bbd47fc00a2c39e90264f33305004495a9","hash":"d9dd207a5afdfaecde8fb644ae278d457fc8a99e"}
,"D:\\Cours OpenClassroom\\Front End\\P9\\JonathanChosson_9_11012022\\src\\containers\\Bills.js": {"path":"D:\\Cours OpenClassroom\\Front End\\P9\\JonathanChosson_9_11012022\\src\\containers\\Bills.js","statementMap":{"0":{"start":{"line":8,"column":4},"end":{"line":8,"column":28}},"1":{"start":{"line":9,"column":4},"end":{"line":9,"column":32}},"2":{"start":{"line":10,"column":4},"end":{"line":10,"column":22}},"3":{"start":{"line":11,"column":26},"end":{"line":11,"column":86}},"4":{"start":{"line":12,"column":4},"end":{"line":12,"column":87}},"5":{"start":{"line":12,"column":23},"end":{"line":12,"column":87}},"6":{"start":{"line":13,"column":20},"end":{"line":13,"column":76}},"7":{"start":{"line":14,"column":4},"end":{"line":16,"column":6}},"8":{"start":{"line":14,"column":17},"end":{"line":16,"column":6}},"9":{"start":{"line":15,"column":6},"end":{"line":15,"column":74}},"10":{"start":{"line":15,"column":44},"end":{"line":15,"column":73}},"11":{"start":{"line":17,"column":4},"end":{"line":17,"column":54}},"12":{"start":{"line":20,"column":23},"end":{"line":22,"column":3}},"13":{"start":{"line":21,"column":4},"end":{"line":21,"column":43}},"14":{"start":{"line":24,"column":23},"end":{"line":29,"column":3}},"15":{"start":{"line":25,"column":20},"end":{"line":25,"column":54}},"16":{"start":{"line":26,"column":21},"end":{"line":26,"column":63}},"17":{"start":{"line":27,"column":4},"end":{"line":27,"column":157}},"18":{"start":{"line":28,"column":4},"end":{"line":28,"column":34}}},"fnMap":{"0":{"name":"(anonymous_0)","decl":{"start":{"line":7,"column":2},"end":{"line":7,"column":3}},"loc":{"start":{"line":7,"column":61},"end":{"line":18,"column":3}},"line":7},"1":{"name":"(anonymous_1)","decl":{"start":{"line":14,"column":33},"end":{"line":14,"column":34}},"loc":{"start":{"line":14,"column":41},"end":{"line":16,"column":5}},"line":14},"2":{"name":"(anonymous_2)","decl":{"start":{"line":15,"column":37},"end":{"line":15,"column":38}},"loc":{"start":{"line":15,"column":44},"end":{"line":15,"column":73}},"line":15},"3":{"name":"(anonymous_3)","decl":{"start":{"line":20,"column":23},"end":{"line":20,"column":24}},"loc":{"start":{"line":20,"column":28},"end":{"line":22,"column":3}},"line":20},"4":{"name":"(anonymous_4)","decl":{"start":{"line":24,"column":23},"end":{"line":24,"column":24}},"loc":{"start":{"line":24,"column":33},"end":{"line":29,"column":3}},"line":24}},"branchMap":{"0":{"loc":{"start":{"line":12,"column":4},"end":{"line":12,"column":87}},"type":"if","locations":[{"start":{"line":12,"column":4},"end":{"line":12,"column":87}},{"start":{"line":12,"column":4},"end":{"line":12,"column":87}}],"line":12},"1":{"loc":{"start":{"line":14,"column":4},"end":{"line":16,"column":6}},"type":"if","locations":[{"start":{"line":14,"column":4},"end":{"line":16,"column":6}},{"start":{"line":14,"column":4},"end":{"line":16,"column":6}}],"line":14}},"s":{"0":2,"1":2,"2":2,"3":2,"4":2,"5":2,"6":2,"7":2,"8":2,"9":8,"10":1,"11":2,"12":2,"13":1,"14":2,"15":2,"16":2,"17":2,"18":2},"f":{"0":2,"1":8,"2":1,"3":1,"4":2},"b":{"0":[2,0],"1":[2,0]},"_coverageSchema":"1a1c01bbd47fc00a2c39e90264f33305004495a9","hash":"657ec40eb22d9f6357d242598aedc258cbc85f3b"}
,"D:\\Cours OpenClassroom\\Front End\\P9\\JonathanChosson_9_11012022\\src\\containers\\Dashboard.js": {"path":"D:\\Cours OpenClassroom\\Front End\\P9\\JonathanChosson_9_11012022\\src\\containers\\Dashboard.js","statementMap":{"0":{"start":{"line":8,"column":29},"end":{"line":26,"column":1}},"1":{"start":{"line":9,"column":2},"end":{"line":25,"column":11}},"2":{"start":{"line":14,"column":6},"end":{"line":22,"column":7}},"3":{"start":{"line":15,"column":8},"end":{"line":15,"column":50}},"4":{"start":{"line":18,"column":26},"end":{"line":18,"column":72}},"5":{"start":{"line":19,"column":8},"end":{"line":21,"column":58}},"6":{"start":{"line":24,"column":6},"end":{"line":24,"column":28}},"7":{"start":{"line":28,"column":20},"end":{"line":51,"column":1}},"8":{"start":{"line":29,"column":28},"end":{"line":29,"column":52}},"9":{"start":{"line":30,"column":20},"end":{"line":31,"column":40}},"10":{"start":{"line":32,"column":19},"end":{"line":33,"column":53}},"11":{"start":{"line":35,"column":2},"end":{"line":50,"column":4}},"12":{"start":{"line":53,"column":21},"end":{"line":55,"column":1}},"13":{"start":{"line":54,"column":2},"end":{"line":54,"column":76}},"14":{"start":{"line":54,"column":51},"end":{"line":54,"column":61}},"15":{"start":{"line":57,"column":25},"end":{"line":66,"column":1}},"16":{"start":{"line":58,"column":2},"end":{"line":65,"column":3}},"17":{"start":{"line":60,"column":6},"end":{"line":60,"column":22}},"18":{"start":{"line":62,"column":6},"end":{"line":62,"column":23}},"19":{"start":{"line":64,"column":6},"end":{"line":64,"column":22}},"20":{"start":{"line":70,"column":4},"end":{"line":70,"column":28}},"21":{"start":{"line":71,"column":4},"end":{"line":71,"column":32}},"22":{"start":{"line":72,"column":4},"end":{"line":72,"column":22}},"23":{"start":{"line":73,"column":4},"end":{"line":73,"column":71}},"24":{"start":{"line":73,"column":35},"end":{"line":73,"column":70}},"25":{"start":{"line":74,"column":4},"end":{"line":74,"column":71}},"26":{"start":{"line":74,"column":35},"end":{"line":74,"column":70}},"27":{"start":{"line":75,"column":4},"end":{"line":75,"column":71}},"28":{"start":{"line":75,"column":35},"end":{"line":75,"column":70}},"29":{"start":{"line":76,"column":4},"end":{"line":76,"column":27}},"30":{"start":{"line":77,"column":4},"end":{"line":77,"column":44}},"31":{"start":{"line":80,"column":23},"end":{"line":85,"column":3}},"32":{"start":{"line":81,"column":20},"end":{"line":81,"column":58}},"33":{"start":{"line":82,"column":21},"end":{"line":82,"column":69}},"34":{"start":{"line":83,"column":4},"end":{"line":83,"column":134}},"35":{"start":{"line":84,"column":4},"end":{"line":84,"column":96}},"36":{"start":{"line":84,"column":60},"end":{"line":84,"column":96}},"37":{"start":{"line":88,"column":4},"end":{"line":88,"column":75}},"38":{"start":{"line":88,"column":59},"end":{"line":88,"column":75}},"39":{"start":{"line":89,"column":4},"end":{"line":89,"column":71}},"40":{"start":{"line":89,"column":54},"end":{"line":89,"column":71}},"41":{"start":{"line":90,"column":4},"end":{"line":98,"column":5}},"42":{"start":{"line":91,"column":6},"end":{"line":93,"column":8}},"43":{"start":{"line":92,"column":8},"end":{"line":92,"column":61}},"44":{"start":{"line":94,"column":6},"end":{"line":94,"column":62}},"45":{"start":{"line":95,"column":6},"end":{"line":95,"column":69}},"46":{"start":{"line":96,"column":6},"end":{"line":96,"column":52}},"47":{"start":{"line":97,"column":6},"end":{"line":97,"column":21}},"48":{"start":{"line":108,"column":4},"end":{"line":108,"column":51}},"49":{"start":{"line":109,"column":4},"end":{"line":109,"column":72}},"50":{"start":{"line":109,"column":39},"end":{"line":109,"column":71}},"51":{"start":{"line":110,"column":4},"end":{"line":110,"column":72}},"52":{"start":{"line":110,"column":39},"end":{"line":110,"column":71}},"53":{"start":{"line":113,"column":23},"end":{"line":121,"column":3}},"54":{"start":{"line":114,"column":20},"end":{"line":118,"column":5}},"55":{"start":{"line":119,"column":4},"end":{"line":119,"column":28}},"56":{"start":{"line":120,"column":4},"end":{"line":120,"column":45}},"57":{"start":{"line":123,"column":23},"end":{"line":131,"column":3}},"58":{"start":{"line":124,"column":20},"end":{"line":128,"column":5}},"59":{"start":{"line":129,"column":4},"end":{"line":129,"column":28}},"60":{"start":{"line":130,"column":4},"end":{"line":130,"column":45}},"61":{"start":{"line":135,"column":4},"end":{"line":135,"column":76}},"62":{"start":{"line":135,"column":60},"end":{"line":135,"column":76}},"63":{"start":{"line":136,"column":4},"end":{"line":136,"column":76}},"64":{"start":{"line":136,"column":58},"end":{"line":136,"column":76}},"65":{"start":{"line":137,"column":4},"end":{"line":147,"column":5}},"66":{"start":{"line":138,"column":6},"end":{"line":138,"column":69}},"67":{"start":{"line":139,"column":6},"end":{"line":140,"column":65}},"68":{"start":{"line":141,"column":6},"end":{"line":141,"column":21}},"69":{"start":{"line":143,"column":6},"end":{"line":143,"column":70}},"70":{"start":{"line":144,"column":6},"end":{"line":145,"column":17}},"71":{"start":{"line":146,"column":6},"end":{"line":146,"column":21}},"72":{"start":{"line":149,"column":4},"end":{"line":151,"column":6}},"73":{"start":{"line":150,"column":6},"end":{"line":150,"column":83}},"74":{"start":{"line":150,"column":45},"end":{"line":150,"column":82}},"75":{"start":{"line":153,"column":4},"end":{"line":153,"column":16}}},"fnMap":{"0":{"name":"(anonymous_0)","decl":{"start":{"line":8,"column":29},"end":{"line":8,"column":30}},"loc":{"start":{"line":8,"column":47},"end":{"line":26,"column":1}},"line":8},"1":{"name":"(anonymous_1)","decl":{"start":{"line":10,"column":16},"end":{"line":10,"column":17}},"loc":{"start":{"line":10,"column":24},"end":{"line":25,"column":5}},"line":10},"2":{"name":"(anonymous_2)","decl":{"start":{"line":28,"column":20},"end":{"line":28,"column":21}},"loc":{"start":{"line":28,"column":30},"end":{"line":51,"column":1}},"line":28},"3":{"name":"(anonymous_3)","decl":{"start":{"line":53,"column":21},"end":{"line":53,"column":22}},"loc":{"start":{"line":53,"column":32},"end":{"line":55,"column":1}},"line":53},"4":{"name":"(anonymous_4)","decl":{"start":{"line":54,"column":43},"end":{"line":54,"column":44}},"loc":{"start":{"line":54,"column":51},"end":{"line":54,"column":61}},"line":54},"5":{"name":"(anonymous_5)","decl":{"start":{"line":57,"column":25},"end":{"line":57,"column":26}},"loc":{"start":{"line":57,"column":36},"end":{"line":66,"column":1}},"line":57},"6":{"name":"(anonymous_6)","decl":{"start":{"line":69,"column":2},"end":{"line":69,"column":3}},"loc":{"start":{"line":69,"column":68},"end":{"line":78,"column":3}},"line":69},"7":{"name":"(anonymous_7)","decl":{"start":{"line":73,"column":28},"end":{"line":73,"column":29}},"loc":{"start":{"line":73,"column":35},"end":{"line":73,"column":70}},"line":73},"8":{"name":"(anonymous_8)","decl":{"start":{"line":74,"column":28},"end":{"line":74,"column":29}},"loc":{"start":{"line":74,"column":35},"end":{"line":74,"column":70}},"line":74},"9":{"name":"(anonymous_9)","decl":{"start":{"line":75,"column":28},"end":{"line":75,"column":29}},"loc":{"start":{"line":75,"column":35},"end":{"line":75,"column":70}},"line":75},"10":{"name":"(anonymous_10)","decl":{"start":{"line":80,"column":23},"end":{"line":80,"column":24}},"loc":{"start":{"line":80,"column":29},"end":{"line":85,"column":3}},"line":80},"11":{"name":"(anonymous_11)","decl":{"start":{"line":87,"column":2},"end":{"line":87,"column":3}},"loc":{"start":{"line":87,"column":35},"end":{"line":111,"column":3}},"line":87},"12":{"name":"(anonymous_12)","decl":{"start":{"line":91,"column":20},"end":{"line":91,"column":21}},"loc":{"start":{"line":91,"column":25},"end":{"line":93,"column":7}},"line":91},"13":{"name":"(anonymous_13)","decl":{"start":{"line":109,"column":32},"end":{"line":109,"column":33}},"loc":{"start":{"line":109,"column":39},"end":{"line":109,"column":71}},"line":109},"14":{"name":"(anonymous_14)","decl":{"start":{"line":110,"column":32},"end":{"line":110,"column":33}},"loc":{"start":{"line":110,"column":39},"end":{"line":110,"column":71}},"line":110},"15":{"name":"(anonymous_15)","decl":{"start":{"line":113,"column":23},"end":{"line":113,"column":24}},"loc":{"start":{"line":113,"column":36},"end":{"line":121,"column":3}},"line":113},"16":{"name":"(anonymous_16)","decl":{"start":{"line":123,"column":23},"end":{"line":123,"column":24}},"loc":{"start":{"line":123,"column":36},"end":{"line":131,"column":3}},"line":123},"17":{"name":"(anonymous_17)","decl":{"start":{"line":133,"column":2},"end":{"line":133,"column":3}},"loc":{"start":{"line":133,"column":37},"end":{"line":155,"column":3}},"line":133},"18":{"name":"(anonymous_18)","decl":{"start":{"line":149,"column":18},"end":{"line":149,"column":19}},"loc":{"start":{"line":149,"column":26},"end":{"line":151,"column":5}},"line":149},"19":{"name":"(anonymous_19)","decl":{"start":{"line":150,"column":38},"end":{"line":150,"column":39}},"loc":{"start":{"line":150,"column":45},"end":{"line":150,"column":82}},"line":150}},"branchMap":{"0":{"loc":{"start":{"line":9,"column":9},"end":{"line":25,"column":11}},"type":"cond-expr","locations":[{"start":{"line":10,"column":4},"end":{"line":25,"column":6}},{"start":{"line":25,"column":9},"end":{"line":25,"column":11}}],"line":9},"1":{"loc":{"start":{"line":9,"column":10},"end":{"line":9,"column":29}},"type":"binary-expr","locations":[{"start":{"line":9,"column":10},"end":{"line":9,"column":14}},{"start":{"line":9,"column":18},"end":{"line":9,"column":29}}],"line":9},"2":{"loc":{"start":{"line":14,"column":6},"end":{"line":22,"column":7}},"type":"if","locations":[{"start":{"line":14,"column":6},"end":{"line":22,"column":7}},{"start":{"line":14,"column":6},"end":{"line":22,"column":7}}],"line":14},"3":{"loc":{"start":{"line":20,"column":10},"end":{"line":21,"column":58}},"type":"binary-expr","locations":[{"start":{"line":20,"column":11},"end":{"line":20,"column":33}},{"start":{"line":21,"column":10},"end":{"line":21,"column":58}}],"line":20},"4":{"loc":{"start":{"line":30,"column":20},"end":{"line":31,"column":40}},"type":"cond-expr","locations":[{"start":{"line":31,"column":4},"end":{"line":31,"column":35}},{"start":{"line":31,"column":38},"end":{"line":31,"column":40}}],"line":30},"5":{"loc":{"start":{"line":32,"column":19},"end":{"line":33,"column":53}},"type":"cond-expr","locations":[{"start":{"line":33,"column":2},"end":{"line":33,"column":33}},{"start":{"line":33,"column":36},"end":{"line":33,"column":53}}],"line":32},"6":{"loc":{"start":{"line":54,"column":9},"end":{"line":54,"column":76}},"type":"cond-expr","locations":[{"start":{"line":54,"column":33},"end":{"line":54,"column":71}},{"start":{"line":54,"column":74},"end":{"line":54,"column":76}}],"line":54},"7":{"loc":{"start":{"line":54,"column":9},"end":{"line":54,"column":30}},"type":"binary-expr","locations":[{"start":{"line":54,"column":9},"end":{"line":54,"column":14}},{"start":{"line":54,"column":18},"end":{"line":54,"column":30}}],"line":54},"8":{"loc":{"start":{"line":58,"column":2},"end":{"line":65,"column":3}},"type":"switch","locations":[{"start":{"line":59,"column":4},"end":{"line":60,"column":22}},{"start":{"line":61,"column":4},"end":{"line":62,"column":23}},{"start":{"line":63,"column":4},"end":{"line":64,"column":22}}],"line":58},"9":{"loc":{"start":{"line":84,"column":4},"end":{"line":84,"column":96}},"type":"if","locations":[{"start":{"line":84,"column":4},"end":{"line":84,"column":96}},{"start":{"line":84,"column":4},"end":{"line":84,"column":96}}],"line":84},"10":{"loc":{"start":{"line":88,"column":4},"end":{"line":88,"column":75}},"type":"if","locations":[{"start":{"line":88,"column":4},"end":{"line":88,"column":75}},{"start":{"line":88,"column":4},"end":{"line":88,"column":75}}],"line":88},"11":{"loc":{"start":{"line":88,"column":8},"end":{"line":88,"column":57}},"type":"binary-expr","locations":[{"start":{"line":88,"column":8},"end":{"line":88,"column":34}},{"start":{"line":88,"column":38},"end":{"line":88,"column":57}}],"line":88},"12":{"loc":{"start":{"line":89,"column":4},"end":{"line":89,"column":71}},"type":"if","locations":[{"start":{"line":89,"column":4},"end":{"line":89,"column":71}},{"start":{"line":89,"column":4},"end":{"line":89,"column":71}}],"line":89},"13":{"loc":{"start":{"line":89,"column":8},"end":{"line":89,"column":52}},"type":"binary-expr","locations":[{"start":{"line":89,"column":8},"end":{"line":89,"column":29}},{"start":{"line":89,"column":33},"end":{"line":89,"column":52}}],"line":89},"14":{"loc":{"start":{"line":90,"column":4},"end":{"line":98,"column":5}},"type":"if","locations":[{"start":{"line":90,"column":4},"end":{"line":98,"column":5}},{"start":{"line":90,"column":4},"end":{"line":98,"column":5}}],"line":90},"15":{"loc":{"start":{"line":135,"column":4},"end":{"line":135,"column":76}},"type":"if","locations":[{"start":{"line":135,"column":4},"end":{"line":135,"column":76}},{"start":{"line":135,"column":4},"end":{"line":135,"column":76}}],"line":135},"16":{"loc":{"start":{"line":135,"column":8},"end":{"line":135,"column":58}},"type":"binary-expr","locations":[{"start":{"line":135,"column":8},"end":{"line":135,"column":34}},{"start":{"line":135,"column":38},"end":{"line":135,"column":58}}],"line":135},"17":{"loc":{"start":{"line":136,"column":4},"end":{"line":136,"column":76}},"type":"if","locations":[{"start":{"line":136,"column":4},"end":{"line":136,"column":76}},{"start":{"line":136,"column":4},"end":{"line":136,"column":76}}],"line":136},"18":{"loc":{"start":{"line":136,"column":8},"end":{"line":136,"column":56}},"type":"binary-expr","locations":[{"start":{"line":136,"column":8},"end":{"line":136,"column":32}},{"start":{"line":136,"column":36},"end":{"line":136,"column":56}}],"line":136},"19":{"loc":{"start":{"line":137,"column":4},"end":{"line":147,"column":5}},"type":"if","locations":[{"start":{"line":137,"column":4},"end":{"line":147,"column":5}},{"start":{"line":137,"column":4},"end":{"line":147,"column":5}}],"line":137}},"s":{"0":6,"1":27,"2":24,"3":24,"4":0,"5":0,"6":24,"7":6,"8":8,"9":8,"10":8,"11":8,"12":6,"13":5,"14":8,"15":6,"16":3,"17":1,"18":1,"19":1,"20":5,"21":5,"22":5,"23":5,"24":0,"25":5,"26":0,"27":5,"28":0,"29":5,"30":5,"31":5,"32":1,"33":1,"34":1,"35":1,"36":0,"37":2,"38":1,"39":2,"40":1,"41":2,"42":1,"43":4,"44":1,"45":1,"46":1,"47":1,"48":2,"49":2,"50":0,"51":2,"52":0,"53":5,"54":1,"55":1,"56":1,"57":5,"58":1,"59":1,"60":1,"61":4,"62":3,"63":4,"64":3,"65":4,"66":3,"67":3,"68":3,"69":1,"70":1,"71":1,"72":4,"73":16,"74":0,"75":4},"f":{"0":27,"1":24,"2":8,"3":5,"4":8,"5":3,"6":5,"7":0,"8":0,"9":0,"10":1,"11":2,"12":4,"13":0,"14":0,"15":1,"16":1,"17":4,"18":16,"19":0},"b":{"0":[6,21],"1":[27,6],"2":[24,0],"3":[0,0],"4":[0,8],"5":[0,8],"6":[4,1],"7":[5,5],"8":[1,1,1],"9":[0,1],"10":[1,1],"11":[2,1],"12":[1,1],"13":[2,1],"14":[1,1],"15":[3,1],"16":[4,3],"17":[3,1],"18":[4,3],"19":[3,1]},"_coverageSchema":"1a1c01bbd47fc00a2c39e90264f33305004495a9","hash":"8bd78507ff3d7f3bb45aee274bbd87f6425a0c50"}
,"D:\\Cours OpenClassroom\\Front End\\P9\\JonathanChosson_9_11012022\\src\\containers\\Login.js": {"path":"D:\\Cours OpenClassroom\\Front End\\P9\\JonathanChosson_9_11012022\\src\\containers\\Login.js","statementMap":{"0":{"start":{"line":3,"column":31},"end":{"line":3,"column":33}},"1":{"start":{"line":8,"column":4},"end":{"line":8,"column":28}},"2":{"start":{"line":9,"column":4},"end":{"line":9,"column":36}},"3":{"start":{"line":10,"column":4},"end":{"line":10,"column":32}},"4":{"start":{"line":11,"column":4},"end":{"line":11,"column":46}},"5":{"start":{"line":12,"column":4},"end":{"line":12,"column":22}},"6":{"start":{"line":13,"column":25},"end":{"line":13,"column":89}},"7":{"start":{"line":14,"column":4},"end":{"line":14,"column":70}},"8":{"start":{"line":15,"column":22},"end":{"line":15,"column":83}},"9":{"start":{"line":16,"column":4},"end":{"line":16,"column":64}},"10":{"start":{"line":18,"column":25},"end":{"line":38,"column":3}},"11":{"start":{"line":19,"column":4},"end":{"line":19,"column":22}},"12":{"start":{"line":20,"column":17},"end":{"line":25,"column":5}},"13":{"start":{"line":26,"column":4},"end":{"line":26,"column":59}},"14":{"start":{"line":27,"column":4},"end":{"line":36,"column":8}},"15":{"start":{"line":29,"column":17},"end":{"line":29,"column":38}},"16":{"start":{"line":32,"column":8},"end":{"line":32,"column":45}},"17":{"start":{"line":33,"column":8},"end":{"line":33,"column":53}},"18":{"start":{"line":34,"column":8},"end":{"line":34,"column":50}},"19":{"start":{"line":35,"column":8},"end":{"line":35,"column":55}},"20":{"start":{"line":40,"column":22},"end":{"line":59,"column":3}},"21":{"start":{"line":41,"column":4},"end":{"line":41,"column":22}},"22":{"start":{"line":42,"column":17},"end":{"line":47,"column":5}},"23":{"start":{"line":48,"column":4},"end":{"line":48,"column":59}},"24":{"start":{"line":49,"column":4},"end":{"line":58,"column":8}},"25":{"start":{"line":51,"column":17},"end":{"line":51,"column":38}},"26":{"start":{"line":54,"column":8},"end":{"line":54,"column":49}},"27":{"start":{"line":55,"column":8},"end":{"line":55,"column":57}},"28":{"start":{"line":56,"column":8},"end":{"line":56,"column":50}},"29":{"start":{"line":57,"column":8},"end":{"line":57,"column":50}}},"fnMap":{"0":{"name":"(anonymous_0)","decl":{"start":{"line":7,"column":2},"end":{"line":7,"column":3}},"loc":{"start":{"line":7,"column":80},"end":{"line":17,"column":3}},"line":7},"1":{"name":"(anonymous_1)","decl":{"start":{"line":18,"column":25},"end":{"line":18,"column":26}},"loc":{"start":{"line":18,"column":30},"end":{"line":38,"column":3}},"line":18},"2":{"name":"(anonymous_2)","decl":{"start":{"line":29,"column":8},"end":{"line":29,"column":9}},"loc":{"start":{"line":29,"column":17},"end":{"line":29,"column":38}},"line":29},"3":{"name":"(anonymous_3)","decl":{"start":{"line":31,"column":12},"end":{"line":31,"column":13}},"loc":{"start":{"line":31,"column":18},"end":{"line":36,"column":7}},"line":31},"4":{"name":"(anonymous_4)","decl":{"start":{"line":40,"column":22},"end":{"line":40,"column":23}},"loc":{"start":{"line":40,"column":27},"end":{"line":59,"column":3}},"line":40},"5":{"name":"(anonymous_5)","decl":{"start":{"line":51,"column":8},"end":{"line":51,"column":9}},"loc":{"start":{"line":51,"column":17},"end":{"line":51,"column":38}},"line":51},"6":{"name":"(anonymous_6)","decl":{"start":{"line":53,"column":12},"end":{"line":53,"column":13}},"loc":{"start":{"line":53,"column":18},"end":{"line":58,"column":7}},"line":53}},"branchMap":{},"s":{"0":1,"1":2,"2":2,"3":2,"4":2,"5":2,"6":2,"7":2,"8":2,"9":2,"10":2,"11":2,"12":2,"13":2,"14":2,"15":0,"16":2,"17":2,"18":2,"19":2,"20":2,"21":2,"22":2,"23":2,"24":2,"25":0,"26":2,"27":2,"28":2,"29":2},"f":{"0":2,"1":2,"2":0,"3":2,"4":2,"5":0,"6":2},"b":{},"_coverageSchema":"1a1c01bbd47fc00a2c39e90264f33305004495a9","hash":"e3bc071ec2e596b1e0c011f0011da66b64ec1d38"}
,"D:\\Cours OpenClassroom\\Front End\\P9\\JonathanChosson_9_11012022\\src\\containers\\Logout.js": {"path":"D:\\Cours OpenClassroom\\Front End\\P9\\JonathanChosson_9_11012022\\src\\containers\\Logout.js","statementMap":{"0":{"start":{"line":5,"column":4},"end":{"line":5,"column":28}},"1":{"start":{"line":6,"column":4},"end":{"line":6,"column":32}},"2":{"start":{"line":7,"column":4},"end":{"line":7,"column":36}},"3":{"start":{"line":8,"column":4},"end":{"line":8,"column":51}},"4":{"start":{"line":11,"column":16},"end":{"line":14,"column":3}},"5":{"start":{"line":12,"column":4},"end":{"line":12,"column":29}},"6":{"start":{"line":13,"column":4},"end":{"line":13,"column":41}}},"fnMap":{"0":{"name":"(anonymous_0)","decl":{"start":{"line":4,"column":2},"end":{"line":4,"column":3}},"loc":{"start":{"line":4,"column":54},"end":{"line":9,"column":3}},"line":4},"1":{"name":"(anonymous_1)","decl":{"start":{"line":11,"column":16},"end":{"line":11,"column":17}},"loc":{"start":{"line":11,"column":23},"end":{"line":14,"column":3}},"line":11}},"branchMap":{},"s":{"0":10,"1":10,"2":10,"3":10,"4":10,"5":2,"6":2},"f":{"0":10,"1":2},"b":{},"_coverageSchema":"1a1c01bbd47fc00a2c39e90264f33305004495a9","hash":"e530433bacbfe2a15a1652210f774eb76c7eb736"}
,"D:\\Cours OpenClassroom\\Front End\\P9\\JonathanChosson_9_11012022\\src\\containers\\NewBill.js": {"path":"D:\\Cours OpenClassroom\\Front End\\P9\\JonathanChosson_9_11012022\\src\\containers\\NewBill.js","statementMap":{"0":{"start":{"line":6,"column":4},"end":{"line":6,"column":28}},"1":{"start":{"line":7,"column":4},"end":{"line":7,"column":32}},"2":{"start":{"line":8,"column":4},"end":{"line":8,"column":22}},"3":{"start":{"line":9,"column":24},"end":{"line":9,"column":88}},"4":{"start":{"line":10,"column":4},"end":{"line":10,"column":61}},"5":{"start":{"line":11,"column":17},"end":{"line":11,"column":73}},"6":{"start":{"line":12,"column":4},"end":{"line":12,"column":58}},"7":{"start":{"line":13,"column":4},"end":{"line":13,"column":23}},"8":{"start":{"line":14,"column":4},"end":{"line":14,"column":24}},"9":{"start":{"line":15,"column":4},"end":{"line":15,"column":22}},"10":{"start":{"line":16,"column":4},"end":{"line":16,"column":54}},"11":{"start":{"line":18,"column":21},"end":{"line":50,"column":3}},"12":{"start":{"line":19,"column":4},"end":{"line":19,"column":22}},"13":{"start":{"line":21,"column":17},"end":{"line":21,"column":82}},"14":{"start":{"line":22,"column":21},"end":{"line":22,"column":48}},"15":{"start":{"line":23,"column":21},"end":{"line":23,"column":48}},"16":{"start":{"line":24,"column":19},"end":{"line":24,"column":33}},"17":{"start":{"line":25,"column":18},"end":{"line":25,"column":64}},"18":{"start":{"line":26,"column":4},"end":{"line":26,"column":33}},"19":{"start":{"line":27,"column":4},"end":{"line":27,"column":35}},"20":{"start":{"line":29,"column":4},"end":{"line":49,"column":7}},"21":{"start":{"line":30,"column":4},"end":{"line":42,"column":45}},"22":{"start":{"line":39,"column":8},"end":{"line":39,"column":25}},"23":{"start":{"line":40,"column":8},"end":{"line":40,"column":30}},"24":{"start":{"line":41,"column":8},"end":{"line":41,"column":32}},"25":{"start":{"line":42,"column":24},"end":{"line":42,"column":44}},"26":{"start":{"line":44,"column":27},"end":{"line":44,"column":54}},"27":{"start":{"line":45,"column":8},"end":{"line":45,"column":56}},"28":{"start":{"line":46,"column":8},"end":{"line":46,"column":64}},"29":{"start":{"line":47,"column":8},"end":{"line":47,"column":89}},"30":{"start":{"line":48,"column":8},"end":{"line":48,"column":48}},"31":{"start":{"line":51,"column":17},"end":{"line":70,"column":3}},"32":{"start":{"line":52,"column":4},"end":{"line":52,"column":22}},"33":{"start":{"line":54,"column":18},"end":{"line":54,"column":64}},"34":{"start":{"line":55,"column":17},"end":{"line":67,"column":5}},"35":{"start":{"line":68,"column":4},"end":{"line":68,"column":25}},"36":{"start":{"line":69,"column":4},"end":{"line":69,"column":41}}},"fnMap":{"0":{"name":"(anonymous_0)","decl":{"start":{"line":5,"column":2},"end":{"line":5,"column":3}},"loc":{"start":{"line":5,"column":61},"end":{"line":17,"column":3}},"line":5},"1":{"name":"(anonymous_1)","decl":{"start":{"line":18,"column":21},"end":{"line":18,"column":22}},"loc":{"start":{"line":18,"column":32},"end":{"line":50,"column":3}},"line":18},"2":{"name":"(anonymous_2)","decl":{"start":{"line":38,"column":12},"end":{"line":38,"column":13}},"loc":{"start":{"line":38,"column":32},"end":{"line":42,"column":7}},"line":38},"3":{"name":"(anonymous_3)","decl":{"start":{"line":42,"column":15},"end":{"line":42,"column":16}},"loc":{"start":{"line":42,"column":24},"end":{"line":42,"column":44}},"line":42},"4":{"name":"(anonymous_4)","decl":{"start":{"line":51,"column":17},"end":{"line":51,"column":18}},"loc":{"start":{"line":51,"column":22},"end":{"line":70,"column":3}},"line":51}},"branchMap":{"0":{"loc":{"start":{"line":29,"column":4},"end":{"line":49,"column":7}},"type":"if","locations":[{"start":{"line":29,"column":4},"end":{"line":49,"column":7}},{"start":{"line":29,"column":4},"end":{"line":49,"column":7}}],"line":29},"1":{"loc":{"start":{"line":29,"column":7},"end":{"line":29,"column":107}},"type":"binary-expr","locations":[{"start":{"line":29,"column":7},"end":{"line":29,"column":37}},{"start":{"line":29,"column":42},"end":{"line":29,"column":73}},{"start":{"line":29,"column":77},"end":{"line":29,"column":107}}],"line":29},"2":{"loc":{"start":{"line":62,"column":11},"end":{"line":62,"column":83}},"type":"binary-expr","locations":[{"start":{"line":62,"column":11},"end":{"line":62,"column":77}},{"start":{"line":62,"column":81},"end":{"line":62,"column":83}}],"line":62}},"s":{"0":2,"1":2,"2":2,"3":2,"4":2,"5":2,"6":2,"7":2,"8":2,"9":2,"10":2,"11":2,"12":1,"13":1,"14":1,"15":1,"16":1,"17":1,"18":1,"19":1,"20":1,"21":0,"22":0,"23":0,"24":0,"25":0,"26":1,"27":1,"28":1,"29":1,"30":1,"31":2,"32":1,"33":1,"34":1,"35":1,"36":1},"f":{"0":2,"1":1,"2":0,"3":0,"4":1},"b":{"0":[0,1],"1":[1,1,1],"2":[1,0]},"_coverageSchema":"1a1c01bbd47fc00a2c39e90264f33305004495a9","hash":"0fe97d24173873786e655e2e8fd6ebf49873831b"}
,"D:\\Cours OpenClassroom\\Front End\\P9\\JonathanChosson_9_11012022\\src\\views\\Actions.js": {"path":"D:\\Cours OpenClassroom\\Front End\\P9\\JonathanChosson_9_11012022\\src\\views\\Actions.js","statementMap":{"0":{"start":{"line":5,"column":2},"end":{"line":11,"column":3}}},"fnMap":{"0":{"name":"(anonymous_0)","decl":{"start":{"line":4,"column":15},"end":{"line":4,"column":16}},"loc":{"start":{"line":4,"column":28},"end":{"line":12,"column":1}},"line":4}},"branchMap":{},"s":{"0":14},"f":{"0":14},"b":{},"_coverageSchema":"1a1c01bbd47fc00a2c39e90264f33305004495a9","hash":"41f1fdcf008601539ac294c1ba4bae4d1420b2df"}
,"D:\\Cours OpenClassroom\\Front End\\P9\\JonathanChosson_9_11012022\\src\\views\\BillsUI.js": {"path":"D:\\Cours OpenClassroom\\Front End\\P9\\JonathanChosson_9_11012022\\src\\views\\BillsUI.js","statementMap":{"0":{"start":{"line":8,"column":12},"end":{"line":21,"column":1}},"1":{"start":{"line":9,"column":2},"end":{"line":20,"column":6}},"2":{"start":{"line":23,"column":13},"end":{"line":27,"column":1}},"3":{"start":{"line":24,"column":2},"end":{"line":26,"column":42}},"4":{"start":{"line":24,"column":53},"end":{"line":26,"column":3}},"5":{"start":{"line":25,"column":4},"end":{"line":25,"column":14}},"6":{"start":{"line":26,"column":18},"end":{"line":26,"column":27}},"7":{"start":{"line":31,"column":16},"end":{"line":46,"column":4}},"8":{"start":{"line":31,"column":23},"end":{"line":46,"column":3}},"9":{"start":{"line":48,"column":2},"end":{"line":52,"column":3}},"10":{"start":{"line":49,"column":4},"end":{"line":49,"column":24}},"11":{"start":{"line":50,"column":9},"end":{"line":52,"column":3}},"12":{"start":{"line":51,"column":4},"end":{"line":51,"column":27}},"13":{"start":{"line":54,"column":2},"end":{"line":82,"column":3}}},"fnMap":{"0":{"name":"(anonymous_0)","decl":{"start":{"line":8,"column":12},"end":{"line":8,"column":13}},"loc":{"start":{"line":8,"column":22},"end":{"line":21,"column":1}},"line":8},"1":{"name":"(anonymous_1)","decl":{"start":{"line":23,"column":13},"end":{"line":23,"column":14}},"loc":{"start":{"line":23,"column":23},"end":{"line":27,"column":1}},"line":23},"2":{"name":"(anonymous_2)","decl":{"start":{"line":24,"column":43},"end":{"line":24,"column":44}},"loc":{"start":{"line":24,"column":52},"end":{"line":26,"column":4}},"line":24},"3":{"name":"(anonymous_3)","decl":{"start":{"line":26,"column":10},"end":{"line":26,"column":11}},"loc":{"start":{"line":26,"column":18},"end":{"line":26,"column":27}},"line":26},"4":{"name":"(anonymous_4)","decl":{"start":{"line":29,"column":15},"end":{"line":29,"column":16}},"loc":{"start":{"line":29,"column":52},"end":{"line":83,"column":1}},"line":29},"5":{"name":"(anonymous_5)","decl":{"start":{"line":31,"column":16},"end":{"line":31,"column":17}},"loc":{"start":{"line":31,"column":23},"end":{"line":46,"column":3}},"line":31}},"branchMap":{"0":{"loc":{"start":{"line":24,"column":9},"end":{"line":26,"column":42}},"type":"cond-expr","locations":[{"start":{"line":24,"column":33},"end":{"line":26,"column":37}},{"start":{"line":26,"column":40},"end":{"line":26,"column":42}}],"line":24},"1":{"loc":{"start":{"line":24,"column":10},"end":{"line":24,"column":29}},"type":"binary-expr","locations":[{"start":{"line":24,"column":10},"end":{"line":24,"column":14}},{"start":{"line":24,"column":18},"end":{"line":24,"column":29}}],"line":24},"2":{"loc":{"start":{"line":24,"column":53},"end":{"line":26,"column":3}},"type":"if","locations":[{"start":{"line":24,"column":53},"end":{"line":26,"column":3}},{"start":{"line":24,"column":53},"end":{"line":26,"column":3}}],"line":24},"3":{"loc":{"start":{"line":48,"column":2},"end":{"line":52,"column":3}},"type":"if","locations":[{"start":{"line":48,"column":2},"end":{"line":52,"column":3}},{"start":{"line":48,"column":2},"end":{"line":52,"column":3}}],"line":48},"4":{"loc":{"start":{"line":50,"column":9},"end":{"line":52,"column":3}},"type":"if","locations":[{"start":{"line":50,"column":9},"end":{"line":52,"column":3}},{"start":{"line":50,"column":9},"end":{"line":52,"column":3}}],"line":50}},"s":{"0":6,"1":12,"2":6,"3":8,"4":12,"5":3,"6":12,"7":14,"8":8,"9":14,"10":1,"11":13,"12":5,"13":8},"f":{"0":12,"1":8,"2":12,"3":12,"4":14,"5":8},"b":{"0":[3,5],"1":[8,5],"2":[3,9],"3":[1,13],"4":[5,8]},"_coverageSchema":"1a1c01bbd47fc00a2c39e90264f33305004495a9","hash":"695e51c2dac025627a278dfeed250ed056237691"}
,"D:\\Cours OpenClassroom\\Front End\\P9\\JonathanChosson_9_11012022\\src\\views\\DashboardFormUI.js": {"path":"D:\\Cours OpenClassroom\\Front End\\P9\\JonathanChosson_9_11012022\\src\\views\\DashboardFormUI.js","statementMap":{"0":{"start":{"line":7,"column":21},"end":{"line":22,"column":4}},"1":{"start":{"line":7,"column":28},"end":{"line":22,"column":3}},"2":{"start":{"line":26,"column":2},"end":{"line":101,"column":4}}},"fnMap":{"0":{"name":"(anonymous_0)","decl":{"start":{"line":7,"column":21},"end":{"line":7,"column":22}},"loc":{"start":{"line":7,"column":28},"end":{"line":22,"column":3}},"line":7},"1":{"name":"(anonymous_1)","decl":{"start":{"line":24,"column":15},"end":{"line":24,"column":16}},"loc":{"start":{"line":24,"column":25},"end":{"line":102,"column":1}},"line":24}},"branchMap":{"0":{"loc":{"start":{"line":79,"column":9},"end":{"line":89,"column":9}},"type":"cond-expr","locations":[{"start":{"line":79,"column":38},"end":{"line":84,"column":8}},{"start":{"line":84,"column":13},"end":{"line":89,"column":8}}],"line":79},"1":{"loc":{"start":{"line":92,"column":8},"end":{"line":97,"column":13}},"type":"cond-expr","locations":[{"start":{"line":92,"column":37},"end":{"line":97,"column":7}},{"start":{"line":97,"column":11},"end":{"line":97,"column":13}}],"line":92}},"s":{"0":7,"1":8,"2":8},"f":{"0":8,"1":8},"b":{"0":[5,3],"1":[5,3]},"_coverageSchema":"1a1c01bbd47fc00a2c39e90264f33305004495a9","hash":"e137b92d8df9483ba09a1f9fe02bd84960bf678d"}
,"D:\\Cours OpenClassroom\\Front End\\P9\\JonathanChosson_9_11012022\\src\\views\\DashboardUI.js": {"path":"D:\\Cours OpenClassroom\\Front End\\P9\\JonathanChosson_9_11012022\\src\\views\\DashboardUI.js","statementMap":{"0":{"start":{"line":10,"column":2},"end":{"line":14,"column":3}},"1":{"start":{"line":11,"column":4},"end":{"line":11,"column":24}},"2":{"start":{"line":12,"column":9},"end":{"line":14,"column":3}},"3":{"start":{"line":13,"column":4},"end":{"line":13,"column":27}},"4":{"start":{"line":16,"column":2},"end":{"line":48,"column":3}}},"fnMap":{"0":{"name":"(anonymous_0)","decl":{"start":{"line":8,"column":15},"end":{"line":8,"column":16}},"loc":{"start":{"line":8,"column":45},"end":{"line":49,"column":1}},"line":8}},"branchMap":{"0":{"loc":{"start":{"line":10,"column":2},"end":{"line":14,"column":3}},"type":"if","locations":[{"start":{"line":10,"column":2},"end":{"line":14,"column":3}},{"start":{"line":10,"column":2},"end":{"line":14,"column":3}}],"line":10},"1":{"loc":{"start":{"line":12,"column":9},"end":{"line":14,"column":3}},"type":"if","locations":[{"start":{"line":12,"column":9},"end":{"line":14,"column":3}},{"start":{"line":12,"column":9},"end":{"line":14,"column":3}}],"line":12},"2":{"loc":{"start":{"line":22,"column":45},"end":{"line":22,"column":63}},"type":"binary-expr","locations":[{"start":{"line":22,"column":45},"end":{"line":22,"column":49}},{"start":{"line":22,"column":53},"end":{"line":22,"column":63}}],"line":22},"3":{"loc":{"start":{"line":29,"column":43},"end":{"line":29,"column":61}},"type":"binary-expr","locations":[{"start":{"line":29,"column":43},"end":{"line":29,"column":47}},{"start":{"line":29,"column":51},"end":{"line":29,"column":61}}],"line":29},"4":{"loc":{"start":{"line":36,"column":43},"end":{"line":36,"column":61}},"type":"binary-expr","locations":[{"start":{"line":36,"column":43},"end":{"line":36,"column":47}},{"start":{"line":36,"column":51},"end":{"line":36,"column":61}}],"line":36}},"s":{"0":11,"1":1,"2":10,"3":3,"4":7},"f":{"0":11},"b":{"0":[1,10],"1":[3,7],"2":[7,2],"3":[7,2],"4":[7,2]},"_coverageSchema":"1a1c01bbd47fc00a2c39e90264f33305004495a9","hash":"b2a00bb5819c463bdf7be66e5211255e1d323401"}
,"D:\\Cours OpenClassroom\\Front End\\P9\\JonathanChosson_9_11012022\\src\\views\\ErrorPage.js": {"path":"D:\\Cours OpenClassroom\\Front End\\P9\\JonathanChosson_9_11012022\\src\\views\\ErrorPage.js","statementMap":{"0":{"start":{"line":4,"column":2},"end":{"line":15,"column":3}}},"fnMap":{"0":{"name":"(anonymous_0)","decl":{"start":{"line":3,"column":15},"end":{"line":3,"column":16}},"loc":{"start":{"line":3,"column":26},"end":{"line":16,"column":1}},"line":3}},"branchMap":{"0":{"loc":{"start":{"line":12,"column":12},"end":{"line":12,"column":30}},"type":"cond-expr","locations":[{"start":{"line":12,"column":20},"end":{"line":12,"column":25}},{"start":{"line":12,"column":28},"end":{"line":12,"column":30}}],"line":12}},"s":{"0":10},"f":{"0":10},"b":{"0":[9,1]},"_coverageSchema":"1a1c01bbd47fc00a2c39e90264f33305004495a9","hash":"d2c591d5c9e1aa175300cec032abfdbe8735c10f"}
,"D:\\Cours OpenClassroom\\Front End\\P9\\JonathanChosson_9_11012022\\src\\views\\LoadingPage.js": {"path":"D:\\Cours OpenClassroom\\Front End\\P9\\JonathanChosson_9_11012022\\src\\views\\LoadingPage.js","statementMap":{"0":{"start":{"line":5,"column":2},"end":{"line":12,"column":3}}},"fnMap":{"0":{"name":"(anonymous_0)","decl":{"start":{"line":3,"column":15},"end":{"line":3,"column":16}},"loc":{"start":{"line":3,"column":21},"end":{"line":13,"column":1}},"line":3}},"branchMap":{},"s":{"0":3},"f":{"0":3},"b":{},"_coverageSchema":"1a1c01bbd47fc00a2c39e90264f33305004495a9","hash":"433a33280c5698e144d49a3d437929dcfde6ebd2"}
,"D:\\Cours OpenClassroom\\Front End\\P9\\JonathanChosson_9_11012022\\src\\views\\LoginUI.js": {"path":"D:\\Cours OpenClassroom\\Front End\\P9\\JonathanChosson_9_11012022\\src\\views\\LoginUI.js","statementMap":{"0":{"start":{"line":4,"column":2},"end":{"line":46,"column":4}}},"fnMap":{"0":{"name":"(anonymous_0)","decl":{"start":{"line":2,"column":15},"end":{"line":2,"column":16}},"loc":{"start":{"line":2,"column":21},"end":{"line":47,"column":1}},"line":2}},"branchMap":{},"s":{"0":10},"f":{"0":10},"b":{},"_coverageSchema":"1a1c01bbd47fc00a2c39e90264f33305004495a9","hash":"c29ef6a6a60e4591fa633fef2136676b371d1bd7"}
,"D:\\Cours OpenClassroom\\Front End\\P9\\JonathanChosson_9_11012022\\src\\views\\NewBillUI.js": {"path":"D:\\Cours OpenClassroom\\Front End\\P9\\JonathanChosson_9_11012022\\src\\views\\NewBillUI.js","statementMap":{"0":{"start":{"line":5,"column":2},"end":{"line":73,"column":4}}},"fnMap":{"0":{"name":"(anonymous_0)","decl":{"start":{"line":3,"column":15},"end":{"line":3,"column":16}},"loc":{"start":{"line":3,"column":21},"end":{"line":74,"column":1}},"line":3}},"branchMap":{},"s":{"0":5},"f":{"0":5},"b":{},"_coverageSchema":"1a1c01bbd47fc00a2c39e90264f33305004495a9","hash":"4ed8582b4444a9985f72bb5518021952f590ef95"}
,"D:\\Cours OpenClassroom\\Front End\\P9\\JonathanChosson_9_11012022\\src\\views\\VerticalLayout.js": {"path":"D:\\Cours OpenClassroom\\Front End\\P9\\JonathanChosson_9_11012022\\src\\views\\VerticalLayout.js","statementMap":{"0":{"start":{"line":7,"column":4},"end":{"line":7,"column":51}},"1":{"start":{"line":8,"column":4},"end":{"line":10,"column":5}},"2":{"start":{"line":9,"column":6},"end":{"line":9,"column":29}},"3":{"start":{"line":11,"column":4},"end":{"line":39,"column":5}},"4":{"start":{"line":12,"column":6},"end":{"line":27,"column":7}},"5":{"start":{"line":29,"column":6},"end":{"line":38,"column":7}}},"fnMap":{"0":{"name":"(anonymous_0)","decl":{"start":{"line":5,"column":15},"end":{"line":5,"column":16}},"loc":{"start":{"line":5,"column":27},"end":{"line":40,"column":1}},"line":5}},"branchMap":{"0":{"loc":{"start":{"line":8,"column":4},"end":{"line":10,"column":5}},"type":"if","locations":[{"start":{"line":8,"column":4},"end":{"line":10,"column":5}},{"start":{"line":8,"column":4},"end":{"line":10,"column":5}}],"line":8},"1":{"loc":{"start":{"line":11,"column":4},"end":{"line":39,"column":5}},"type":"if","locations":[{"start":{"line":11,"column":4},"end":{"line":39,"column":5}},{"start":{"line":11,"column":4},"end":{"line":39,"column":5}}],"line":11},"2":{"loc":{"start":{"line":11,"column":8},"end":{"line":11,"column":40}},"type":"binary-expr","locations":[{"start":{"line":11,"column":8},"end":{"line":11,"column":12}},{"start":{"line":11,"column":16},"end":{"line":11,"column":40}}],"line":11}},"s":{"0":34,"1":34,"2":18,"3":34,"4":12,"5":22},"f":{"0":34},"b":{"0":[18,16],"1":[12,22],"2":[34,18]},"_coverageSchema":"1a1c01bbd47fc00a2c39e90264f33305004495a9","hash":"91435f14e4aa37f58437febd2d8bf6467d97eb7b"}
}
